[INFO ] 2019-12-02 22:54:43 [main] cn.net.immortal.user.Application - Starting Application on DESKTOP-TBCAB0T with PID 14632 (C:\workspace\immortality\immortal-user\target\classes started by lpfnwndproc in C:\workspace\immortality)
[INFO ] 2019-12-02 22:54:43 [main] cn.net.immortal.user.Application - No active profile set, falling back to default profiles: default
[INFO ] 2019-12-02 22:54:43 [main] o.s.b.w.e.tomcat.TomcatWebServer - Tomcat initialized with port(s): 8888 (http)
[INFO ] 2019-12-02 22:54:43 [main] o.a.coyote.http11.Http11NioProtocol - Initializing ProtocolHandler ["http-nio-8888"]
[INFO ] 2019-12-02 22:54:43 [main] o.a.catalina.core.StandardService - Starting service [Tomcat]
[INFO ] 2019-12-02 22:54:43 [main] o.a.catalina.core.StandardEngine - Starting Servlet engine: [Apache Tomcat/9.0.27]
[INFO ] 2019-12-02 22:54:43 [main] o.a.c.c.C.[Tomcat].[localhost].[/] - Initializing Spring embedded WebApplicationContext
[INFO ] 2019-12-02 22:54:43 [main] o.s.web.context.ContextLoader - Root WebApplicationContext: initialization completed in 1135 ms
[INFO ] 2019-12-02 22:54:43 [main] o.s.s.c.ThreadPoolTaskExecutor - Initializing ExecutorService 'applicationTaskExecutor'
[INFO ] 2019-12-02 22:54:43 [main] c.a.d.s.b.a.DruidDataSourceAutoConfigure - Init DruidDataSource
[INFO ] 2019-12-02 22:54:43 [main] c.alibaba.druid.pool.DruidDataSource - {dataSource-1} inited
[INFO ] 2019-12-02 22:54:43 [main] o.a.coyote.http11.Http11NioProtocol - Starting ProtocolHandler ["http-nio-8888"]
[INFO ] 2019-12-02 22:54:43 [main] o.s.b.w.e.tomcat.TomcatWebServer - Tomcat started on port(s): 8888 (http) with context path ''
[INFO ] 2019-12-02 22:54:43 [main] cn.net.immortal.user.Application - Started Application in 6.911 seconds (JVM running for 8.635)
[INFO ] 2019-12-02 22:55:40 [main] cn.net.immortal.user.Application - Starting Application on DESKTOP-TBCAB0T with PID 11792 (C:\workspace\immortality\immortal-user\target\classes started by lpfnwndproc in C:\workspace\immortality)
[INFO ] 2019-12-02 22:55:40 [main] cn.net.immortal.user.Application - No active profile set, falling back to default profiles: default
[INFO ] 2019-12-02 22:55:40 [main] o.s.b.w.e.tomcat.TomcatWebServer - Tomcat initialized with port(s): 8888 (http)
[INFO ] 2019-12-02 22:55:40 [main] o.a.coyote.http11.Http11NioProtocol - Initializing ProtocolHandler ["http-nio-8888"]
[INFO ] 2019-12-02 22:55:40 [main] o.a.catalina.core.StandardService - Starting service [Tomcat]
[INFO ] 2019-12-02 22:55:40 [main] o.a.catalina.core.StandardEngine - Starting Servlet engine: [Apache Tomcat/9.0.27]
[INFO ] 2019-12-02 22:55:40 [main] o.a.c.c.C.[Tomcat].[localhost].[/] - Initializing Spring embedded WebApplicationContext
[INFO ] 2019-12-02 22:55:40 [main] o.s.web.context.ContextLoader - Root WebApplicationContext: initialization completed in 1038 ms
[INFO ] 2019-12-02 22:55:40 [main] o.s.s.c.ThreadPoolTaskExecutor - Initializing ExecutorService 'applicationTaskExecutor'
[INFO ] 2019-12-02 22:55:40 [main] c.a.d.s.b.a.DruidDataSourceAutoConfigure - Init DruidDataSource
[INFO ] 2019-12-02 22:55:40 [main] c.alibaba.druid.pool.DruidDataSource - {dataSource-1} inited
[INFO ] 2019-12-02 22:55:40 [main] o.a.coyote.http11.Http11NioProtocol - Starting ProtocolHandler ["http-nio-8888"]
[INFO ] 2019-12-02 22:55:40 [main] o.s.b.w.e.tomcat.TomcatWebServer - Tomcat started on port(s): 8888 (http) with context path ''
[INFO ] 2019-12-02 22:55:40 [main] cn.net.immortal.user.Application - Started Application in 6.677 seconds (JVM running for 8.429)
[INFO ] 2019-12-02 22:55:40 [http-nio-8888-exec-1] o.a.c.c.C.[Tomcat].[localhost].[/] - Initializing Spring DispatcherServlet 'dispatcherServlet'
[INFO ] 2019-12-02 22:55:40 [http-nio-8888-exec-1] o.s.web.servlet.DispatcherServlet - Initializing Servlet 'dispatcherServlet'
[INFO ] 2019-12-02 22:55:40 [http-nio-8888-exec-1] o.s.web.servlet.DispatcherServlet - Completed initialization in 7 ms
[INFO ] 2019-12-02 22:55:40 [SpringContextShutdownHook] c.alibaba.druid.pool.DruidDataSource - {dataSource-1} closing ...
[INFO ] 2019-12-02 22:55:40 [SpringContextShutdownHook] c.alibaba.druid.pool.DruidDataSource - {dataSource-1} closed
[INFO ] 2019-12-02 22:55:40 [SpringContextShutdownHook] o.s.s.c.ThreadPoolTaskExecutor - Shutting down ExecutorService 'applicationTaskExecutor'
[INFO ] 2019-12-02 22:56:57 [main] cn.net.immortal.user.Application - Starting Application on DESKTOP-TBCAB0T with PID 1752 (C:\workspace\immortality\immortal-user\target\classes started by lpfnwndproc in C:\workspace\immortality)
[INFO ] 2019-12-02 22:56:57 [main] cn.net.immortal.user.Application - No active profile set, falling back to default profiles: default
[INFO ] 2019-12-02 22:56:57 [main] o.s.b.w.e.tomcat.TomcatWebServer - Tomcat initialized with port(s): 8888 (http)
[INFO ] 2019-12-02 22:56:57 [main] o.a.coyote.http11.Http11NioProtocol - Initializing ProtocolHandler ["http-nio-8888"]
[INFO ] 2019-12-02 22:56:57 [main] o.a.catalina.core.StandardService - Starting service [Tomcat]
[INFO ] 2019-12-02 22:56:57 [main] o.a.catalina.core.StandardEngine - Starting Servlet engine: [Apache Tomcat/9.0.27]
[INFO ] 2019-12-02 22:56:57 [main] o.a.c.c.C.[Tomcat].[localhost].[/] - Initializing Spring embedded WebApplicationContext
[INFO ] 2019-12-02 22:56:57 [main] o.s.web.context.ContextLoader - Root WebApplicationContext: initialization completed in 1096 ms
[INFO ] 2019-12-02 22:56:57 [main] o.s.s.c.ThreadPoolTaskExecutor - Initializing ExecutorService 'applicationTaskExecutor'
[INFO ] 2019-12-02 22:56:57 [main] c.a.d.s.b.a.DruidDataSourceAutoConfigure - Init DruidDataSource
[INFO ] 2019-12-02 22:56:57 [main] c.alibaba.druid.pool.DruidDataSource - {dataSource-1} inited
[INFO ] 2019-12-02 22:56:57 [main] o.a.coyote.http11.Http11NioProtocol - Starting ProtocolHandler ["http-nio-8888"]
[INFO ] 2019-12-02 22:56:57 [main] o.s.b.w.e.tomcat.TomcatWebServer - Tomcat started on port(s): 8888 (http) with context path ''
[INFO ] 2019-12-02 22:56:57 [main] cn.net.immortal.user.Application - Started Application in 6.638 seconds (JVM running for 7.851)
[INFO ] 2019-12-02 22:56:57 [http-nio-8888-exec-1] o.a.c.c.C.[Tomcat].[localhost].[/] - Initializing Spring DispatcherServlet 'dispatcherServlet'
[INFO ] 2019-12-02 22:56:57 [http-nio-8888-exec-1] o.s.web.servlet.DispatcherServlet - Initializing Servlet 'dispatcherServlet'
[INFO ] 2019-12-02 22:56:57 [http-nio-8888-exec-1] o.s.web.servlet.DispatcherServlet - Completed initialization in 7 ms
[INFO ] 2019-12-02 22:56:57 [SpringContextShutdownHook] c.alibaba.druid.pool.DruidDataSource - {dataSource-1} closing ...
[INFO ] 2019-12-02 22:56:57 [SpringContextShutdownHook] c.alibaba.druid.pool.DruidDataSource - {dataSource-1} closed
[INFO ] 2019-12-02 22:56:57 [SpringContextShutdownHook] o.s.s.c.ThreadPoolTaskExecutor - Shutting down ExecutorService 'applicationTaskExecutor'
[INFO ] 2019-12-02 23:58:35 [main] cn.net.immortal.user.Application - Starting Application on DESKTOP-TBCAB0T with PID 9400 (C:\workspace\immortality\immortal-user\target\classes started by lpfnwndproc in C:\workspace\immortality)
[INFO ] 2019-12-02 23:58:35 [main] cn.net.immortal.user.Application - No active profile set, falling back to default profiles: default
[INFO ] 2019-12-02 23:58:35 [main] o.s.d.r.c.RepositoryConfigurationDelegate - Multiple Spring Data modules found, entering strict repository configuration mode!
[INFO ] 2019-12-02 23:58:35 [main] o.s.d.r.c.RepositoryConfigurationDelegate - Bootstrapping Spring Data repositories in DEFAULT mode.
[INFO ] 2019-12-02 23:58:35 [main] o.s.d.r.c.RepositoryConfigurationDelegate - Finished Spring Data repository scanning in 10ms. Found 0 repository interfaces.
[INFO ] 2019-12-02 23:58:35 [main] o.s.c.s.PostProcessorRegistrationDelegate$BeanPostProcessorChecker - Bean 'org.springframework.transaction.annotation.ProxyTransactionManagementConfiguration' of type [org.springframework.transaction.annotation.ProxyTransactionManagementConfiguration] is not eligible for getting processed by all BeanPostProcessors (for example: not eligible for auto-proxying)
[INFO ] 2019-12-02 23:58:35 [main] o.s.b.w.e.tomcat.TomcatWebServer - Tomcat initialized with port(s): 8888 (http)
[INFO ] 2019-12-02 23:58:35 [main] o.a.coyote.http11.Http11NioProtocol - Initializing ProtocolHandler ["http-nio-8888"]
[INFO ] 2019-12-02 23:58:35 [main] o.a.catalina.core.StandardService - Starting service [Tomcat]
[INFO ] 2019-12-02 23:58:35 [main] o.a.catalina.core.StandardEngine - Starting Servlet engine: [Apache Tomcat/9.0.27]
[INFO ] 2019-12-02 23:58:35 [main] o.a.c.c.C.[Tomcat].[localhost].[/] - Initializing Spring embedded WebApplicationContext
[INFO ] 2019-12-02 23:58:35 [main] o.s.web.context.ContextLoader - Root WebApplicationContext: initialization completed in 1191 ms
[INFO ] 2019-12-02 23:58:35 [main] o.a.catalina.core.StandardService - Stopping service [Tomcat]
[INFO ] 2019-12-02 23:58:35 [main] o.s.b.a.l.ConditionEvaluationReportLoggingListener - 

Error starting ApplicationContext. To display the conditions report re-run your application with 'debug' enabled.
[INFO ] 2019-12-02 23:59:23 [main] cn.net.immortal.user.Application - Starting Application on DESKTOP-TBCAB0T with PID 6396 (C:\workspace\immortality\immortal-user\target\classes started by lpfnwndproc in C:\workspace\immortality)
[INFO ] 2019-12-02 23:59:23 [main] cn.net.immortal.user.Application - No active profile set, falling back to default profiles: default
[INFO ] 2019-12-02 23:59:23 [main] o.s.d.r.c.RepositoryConfigurationDelegate - Multiple Spring Data modules found, entering strict repository configuration mode!
[INFO ] 2019-12-02 23:59:23 [main] o.s.d.r.c.RepositoryConfigurationDelegate - Bootstrapping Spring Data repositories in DEFAULT mode.
[INFO ] 2019-12-02 23:59:23 [main] o.s.d.r.c.RepositoryConfigurationDelegate - Finished Spring Data repository scanning in 9ms. Found 0 repository interfaces.
[INFO ] 2019-12-02 23:59:23 [main] o.s.c.s.PostProcessorRegistrationDelegate$BeanPostProcessorChecker - Bean 'org.springframework.transaction.annotation.ProxyTransactionManagementConfiguration' of type [org.springframework.transaction.annotation.ProxyTransactionManagementConfiguration] is not eligible for getting processed by all BeanPostProcessors (for example: not eligible for auto-proxying)
[INFO ] 2019-12-02 23:59:23 [main] o.s.b.w.e.tomcat.TomcatWebServer - Tomcat initialized with port(s): 8888 (http)
[INFO ] 2019-12-02 23:59:23 [main] o.a.coyote.http11.Http11NioProtocol - Initializing ProtocolHandler ["http-nio-8888"]
[INFO ] 2019-12-02 23:59:23 [main] o.a.catalina.core.StandardService - Starting service [Tomcat]
[INFO ] 2019-12-02 23:59:23 [main] o.a.catalina.core.StandardEngine - Starting Servlet engine: [Apache Tomcat/9.0.27]
[INFO ] 2019-12-02 23:59:23 [main] o.a.c.c.C.[Tomcat].[localhost].[/] - Initializing Spring embedded WebApplicationContext
[INFO ] 2019-12-02 23:59:23 [main] o.s.web.context.ContextLoader - Root WebApplicationContext: initialization completed in 1171 ms
[INFO ] 2019-12-02 23:59:23 [main] c.a.d.s.b.a.DruidDataSourceAutoConfigure - Init DruidDataSource
[INFO ] 2019-12-02 23:59:23 [main] c.alibaba.druid.pool.DruidDataSource - {dataSource-1} inited
[INFO ] 2019-12-02 23:59:23 [main] c.alibaba.druid.pool.DruidDataSource - {dataSource-1} closing ...
[INFO ] 2019-12-02 23:59:23 [main] c.alibaba.druid.pool.DruidDataSource - {dataSource-1} closed
[INFO ] 2019-12-02 23:59:23 [main] o.a.catalina.core.StandardService - Stopping service [Tomcat]
[INFO ] 2019-12-02 23:59:23 [main] o.s.b.a.l.ConditionEvaluationReportLoggingListener - 

Error starting ApplicationContext. To display the conditions report re-run your application with 'debug' enabled.
